[ 2017-03-01T09:47:45+08:00 ] ::1 /index.php?g=user&m=index&a=is_login
INFO: [ app_begin ] --START--
INFO: Run Behavior\ReadHtmlCacheBehavior [ RunTime:0.001000s ]
INFO: Run Behavior\CheckLangBehavior [ RunTime:0.002000s ]
INFO: [ app_begin ] --END-- [ RunTime:0.005000s ]
NOTIC: [8] Undefined index: url F:\phpsoftware\wampserver\wamp64\www\application\Common\Controller\AppframeController.class.php 第 45 行.

[ 2017-03-01T09:50:53+08:00 ] ::1 /index.php?g=user&m=index&a=is_login
INFO: [ app_begin ] --START--
INFO: Run Behavior\ReadHtmlCacheBehavior [ RunTime:0.000000s ]
INFO: Run Behavior\CheckLangBehavior [ RunTime:0.001000s ]
INFO: [ app_begin ] --END-- [ RunTime:0.001000s ]
NOTIC: [8] Undefined index: url F:\phpsoftware\wampserver\wamp64\www\application\Common\Controller\AppframeController.class.php 第 45 行.

[ 2017-03-01T09:50:55+08:00 ] ::1 /index.php?g=user&m=index&a=is_login
INFO: [ app_begin ] --START--
INFO: Run Behavior\ReadHtmlCacheBehavior [ RunTime:0.001000s ]
INFO: Run Behavior\CheckLangBehavior [ RunTime:0.001000s ]
INFO: [ app_begin ] --END-- [ RunTime:0.002000s ]
NOTIC: [8] Undefined index: url F:\phpsoftware\wampserver\wamp64\www\application\Common\Controller\AppframeController.class.php 第 45 行.

[ 2017-03-01T09:50:56+08:00 ] ::1 /index.php?g=user&m=index&a=is_login
INFO: [ app_begin ] --START--
INFO: Run Behavior\ReadHtmlCacheBehavior [ RunTime:0.001000s ]
INFO: Run Behavior\CheckLangBehavior [ RunTime:0.001000s ]
INFO: [ app_begin ] --END-- [ RunTime:0.004000s ]
NOTIC: [8] Undefined index: url F:\phpsoftware\wampserver\wamp64\www\application\Common\Controller\AppframeController.class.php 第 45 行.

[ 2017-03-01T09:51:00+08:00 ] ::1 /index.php?g=user&m=index&a=is_login
INFO: [ app_begin ] --START--
INFO: Run Behavior\ReadHtmlCacheBehavior [ RunTime:0.001000s ]
INFO: Run Behavior\CheckLangBehavior [ RunTime:0.001000s ]
INFO: [ app_begin ] --END-- [ RunTime:0.004000s ]
NOTIC: [8] Undefined index: url F:\phpsoftware\wampserver\wamp64\www\application\Common\Controller\AppframeController.class.php 第 45 行.

[ 2017-03-01T09:51:02+08:00 ] ::1 /index.php?g=user&m=index&a=is_login
INFO: [ app_begin ] --START--
INFO: Run Behavior\ReadHtmlCacheBehavior [ RunTime:0.001000s ]
INFO: Run Behavior\CheckLangBehavior [ RunTime:0.001000s ]
INFO: [ app_begin ] --END-- [ RunTime:0.002000s ]
NOTIC: [8] Undefined index: url F:\phpsoftware\wampserver\wamp64\www\application\Common\Controller\AppframeController.class.php 第 45 行.

[ 2017-03-01T09:51:02+08:00 ] ::1 /index.php?g=user&m=index&a=is_login
INFO: [ app_begin ] --START--
INFO: Run Behavior\ReadHtmlCacheBehavior [ RunTime:0.000000s ]
INFO: Run Behavior\CheckLangBehavior [ RunTime:0.001000s ]
INFO: [ app_begin ] --END-- [ RunTime:0.003000s ]
NOTIC: [8] Undefined index: url F:\phpsoftware\wampserver\wamp64\www\application\Common\Controller\AppframeController.class.php 第 45 行.

[ 2017-03-01T09:52:59+08:00 ] ::1 /index.php?g=user&m=index&a=is_login
INFO: [ app_begin ] --START--
INFO: Run Behavior\ReadHtmlCacheBehavior [ RunTime:0.001000s ]
INFO: Run Behavior\CheckLangBehavior [ RunTime:0.001000s ]
INFO: [ app_begin ] --END-- [ RunTime:0.002000s ]
NOTIC: [8] Undefined index: url F:\phpsoftware\wampserver\wamp64\www\application\Common\Controller\AppframeController.class.php 第 45 行.

[ 2017-03-01T09:53:47+08:00 ] ::1 /index.php?g=user&m=index&a=is_login
INFO: [ app_begin ] --START--
INFO: Run Behavior\ReadHtmlCacheBehavior [ RunTime:0.001000s ]
INFO: Run Behavior\CheckLangBehavior [ RunTime:0.001000s ]
INFO: [ app_begin ] --END-- [ RunTime:0.002000s ]
NOTIC: [8] Undefined index: url F:\phpsoftware\wampserver\wamp64\www\application\Common\Controller\AppframeController.class.php 第 45 行.

[ 2017-03-01T09:57:11+08:00 ] ::1 /index.php?g=user&m=index&a=is_login
INFO: [ app_begin ] --START--
INFO: Run Behavior\ReadHtmlCacheBehavior [ RunTime:0.001000s ]
INFO: Run Behavior\CheckLangBehavior [ RunTime:0.001000s ]
INFO: [ app_begin ] --END-- [ RunTime:0.002000s ]
NOTIC: [8] Undefined index: url F:\phpsoftware\wampserver\wamp64\www\application\Common\Controller\AppframeController.class.php 第 45 行.

[ 2017-03-01T09:58:42+08:00 ] ::1 /index.php?g=user&m=index&a=is_login
INFO: [ app_begin ] --START--
INFO: Run Behavior\ReadHtmlCacheBehavior [ RunTime:0.001000s ]
INFO: Run Behavior\CheckLangBehavior [ RunTime:0.001000s ]
INFO: [ app_begin ] --END-- [ RunTime:0.002000s ]
NOTIC: [8] Undefined index: url F:\phpsoftware\wampserver\wamp64\www\application\Common\Controller\AppframeController.class.php 第 45 行.

