[ 2017-03-01T11:07:01+08:00 ] ::1 /index.php?g=Admin&m=public&a=dologin
INFO: [ app_begin ] --START--
INFO: Run Behavior\ReadHtmlCacheBehavior [ RunTime:0.001000s ]
INFO: Run Behavior\CheckLangBehavior [ RunTime:0.001000s ]
INFO: [ app_begin ] --END-- [ RunTime:0.002000s ]

[ 2017-03-01T11:07:05+08:00 ] ::1 /index.php?g=Admin&m=public&a=dologin
INFO: [ app_begin ] --START--
INFO: Run Behavior\ReadHtmlCacheBehavior [ RunTime:0.001000s ]
INFO: Run Behavior\CheckLangBehavior [ RunTime:0.001000s ]
INFO: [ app_begin ] --END-- [ RunTime:0.003000s ]
SQL: SHOW COLUMNS FROM `sp_users` [ RunTime:0.0000s ]
SQL: SELECT * FROM `sp_users` WHERE `user_login` = 'admin' LIMIT 1   [ RunTime:0.0000s ]
SQL: SHOW COLUMNS FROM `sp_role_user` [ RunTime:0.0000s ]
SQL: SELECT `role_id` FROM sp_role_user a INNER JOIN sp_role as b on a.role_id =b.id  WHERE `user_id` = '1' AND `status` = 1  [ RunTime:0.0010s ]
SQL: UPDATE `sp_users` SET `user_login`='admin',`user_pass`='c535018ee946e10adc3949ba59abbe56e057f20f883e89af',`user_nicename`='admin',`user_email`='justfortheday@163.com',`user_url`='',`avatar`=NULL,`sex`='0',`birthday`=NULL,`signature`=NULL,`last_login_ip`='0.0.0.0',`last_login_time`='2017-03-01 11:07:05',`create_time`='2017-02-22 02:03:51',`user_activation_key`='',`user_status`='1',`score`='0',`user_type`='1' WHERE `id` = '1' [ RunTime:0.0290s ]

[ 2017-03-01T13:38:04+08:00 ] ::1 /index.php?g=Admin&m=User&a=add_post
INFO: [ app_begin ] --START--
INFO: Run Behavior\ReadHtmlCacheBehavior [ RunTime:0.001000s ]
INFO: Run Behavior\CheckLangBehavior [ RunTime:0.002000s ]
INFO: [ app_begin ] --END-- [ RunTime:0.004000s ]
SQL: SHOW COLUMNS FROM `sp_users` [ RunTime:0.0010s ]
SQL: SELECT * FROM `sp_users` WHERE ( id=1 ) LIMIT 1   [ RunTime:0.0000s ]
SQL: SHOW COLUMNS FROM `sp_users` [ RunTime:0.0010s ]
SQL: SHOW COLUMNS FROM `sp_role` [ RunTime:0.0010s ]
SQL: SELECT * FROM `sp_users` WHERE `user_login` = '检查办' LIMIT 1   [ RunTime:0.0000s ]
SQL: SELECT * FROM `sp_users` WHERE `user_email` = '1@qq.com' LIMIT 1   [ RunTime:0.0010s ]
SQL: INSERT INTO `sp_users` (`user_login`,`user_pass`,`user_email`) VALUES ('检查办','c535018ee946e10adc3949ba59abbe56e057f20f883e89af','1@qq.com') [ RunTime:0.0010s ]
SQL: SHOW COLUMNS FROM `sp_role_user` [ RunTime:0.0010s ]
SQL: INSERT INTO `sp_role_user` (`role_id`,`user_id`) VALUES ('2','4') [ RunTime:0.0010s ]

[ 2017-03-01T13:38:37+08:00 ] ::1 /index.php?g=Admin&m=User&a=add_post
INFO: [ app_begin ] --START--
INFO: Run Behavior\ReadHtmlCacheBehavior [ RunTime:0.001000s ]
INFO: Run Behavior\CheckLangBehavior [ RunTime:0.001000s ]
INFO: [ app_begin ] --END-- [ RunTime:0.003000s ]
SQL: SHOW COLUMNS FROM `sp_users` [ RunTime:0.0010s ]
SQL: SELECT * FROM `sp_users` WHERE ( id=1 ) LIMIT 1   [ RunTime:0.0000s ]
SQL: SHOW COLUMNS FROM `sp_users` [ RunTime:0.0010s ]
SQL: SHOW COLUMNS FROM `sp_role` [ RunTime:0.0010s ]
SQL: SELECT * FROM `sp_users` WHERE `user_login` = '法院' LIMIT 1   [ RunTime:0.0010s ]
SQL: SELECT * FROM `sp_users` WHERE `user_email` = '12@qqcom' LIMIT 1   [ RunTime:0.0010s ]

[ 2017-03-01T13:38:43+08:00 ] ::1 /index.php?g=Admin&m=User&a=add_post
INFO: [ app_begin ] --START--
INFO: Run Behavior\ReadHtmlCacheBehavior [ RunTime:0.000000s ]
INFO: Run Behavior\CheckLangBehavior [ RunTime:0.001000s ]
INFO: [ app_begin ] --END-- [ RunTime:0.002000s ]
SQL: SHOW COLUMNS FROM `sp_users` [ RunTime:0.0010s ]
SQL: SELECT * FROM `sp_users` WHERE ( id=1 ) LIMIT 1   [ RunTime:0.0000s ]
SQL: SHOW COLUMNS FROM `sp_users` [ RunTime:0.0000s ]
SQL: SHOW COLUMNS FROM `sp_role` [ RunTime:0.0010s ]
SQL: SELECT * FROM `sp_users` WHERE `user_login` = '法院' LIMIT 1   [ RunTime:0.0010s ]
SQL: SELECT * FROM `sp_users` WHERE `user_email` = '12@qq.com' LIMIT 1   [ RunTime:0.0000s ]
SQL: INSERT INTO `sp_users` (`user_login`,`user_pass`,`user_email`) VALUES ('法院','c535018ee946e10adc3949ba59abbe56e057f20f883e89af','12@qq.com') [ RunTime:0.0010s ]
SQL: SHOW COLUMNS FROM `sp_role_user` [ RunTime:0.0010s ]
SQL: INSERT INTO `sp_role_user` (`role_id`,`user_id`) VALUES ('2','5') [ RunTime:0.0010s ]

[ 2017-03-01T13:39:03+08:00 ] ::1 /index.php?g=Admin&m=User&a=edit_post
INFO: [ app_begin ] --START--
INFO: Run Behavior\ReadHtmlCacheBehavior [ RunTime:0.001000s ]
INFO: Run Behavior\CheckLangBehavior [ RunTime:0.001000s ]
INFO: [ app_begin ] --END-- [ RunTime:0.003000s ]
SQL: SHOW COLUMNS FROM `sp_users` [ RunTime:0.0010s ]
SQL: SELECT * FROM `sp_users` WHERE ( id=1 ) LIMIT 1   [ RunTime:0.0000s ]
SQL: SHOW COLUMNS FROM `sp_users` [ RunTime:0.0010s ]
SQL: SHOW COLUMNS FROM `sp_role` [ RunTime:0.0000s ]
SQL: SELECT * FROM `sp_users` WHERE `user_login` = '检察院' AND `id` <> '4' LIMIT 1   [ RunTime:0.0000s ]
SQL: SELECT * FROM `sp_users` WHERE `user_email` = '1@qq.com' AND `id` <> '4' LIMIT 1   [ RunTime:0.0000s ]
SQL: UPDATE `sp_users` SET `user_login`='检察院',`user_email`='1@qq.com' WHERE `id` = '4' [ RunTime:0.0510s ]
SQL: SHOW COLUMNS FROM `sp_role_user` [ RunTime:0.0010s ]
SQL: DELETE FROM `sp_role_user` WHERE `user_id` = 4 [ RunTime:0.0010s ]
SQL: INSERT INTO `sp_role_user` (`role_id`,`user_id`) VALUES ('2','4') [ RunTime:0.0010s ]

[ 2017-03-01T14:02:58+08:00 ] ::1 /index.php?g=Admin&m=User&a=add_post
INFO: [ app_begin ] --START--
INFO: Run Behavior\ReadHtmlCacheBehavior [ RunTime:0.001000s ]
INFO: Run Behavior\CheckLangBehavior [ RunTime:0.001000s ]
INFO: [ app_begin ] --END-- [ RunTime:0.002000s ]
SQL: SHOW COLUMNS FROM `sp_users` [ RunTime:0.0010s ]
SQL: SELECT * FROM `sp_users` WHERE ( id=1 ) LIMIT 1   [ RunTime:0.0010s ]
SQL: SHOW COLUMNS FROM `sp_users` [ RunTime:0.0000s ]
SQL: SHOW COLUMNS FROM `sp_role` [ RunTime:0.0000s ]
SQL: SELECT * FROM `sp_users` WHERE `user_login` = '市委办' LIMIT 1   [ RunTime:0.0010s ]
SQL: SELECT * FROM `sp_users` WHERE `user_email` = '134@qq.com' LIMIT 1   [ RunTime:0.0010s ]
SQL: INSERT INTO `sp_users` (`user_login`,`user_pass`,`user_email`) VALUES ('市委办','c535018ee946e10adc3949ba59abbe56e057f20f883e89af','134@qq.com') [ RunTime:0.0010s ]
SQL: SHOW COLUMNS FROM `sp_role_user` [ RunTime:0.0000s ]
SQL: INSERT INTO `sp_role_user` (`role_id`,`user_id`) VALUES ('2','6') [ RunTime:0.0000s ]

[ 2017-03-01T18:20:48+08:00 ] ::1 /index.php?g=Admin&m=public&a=dologin
INFO: [ app_begin ] --START--
INFO: Run Behavior\ReadHtmlCacheBehavior [ RunTime:0.001000s ]
INFO: Run Behavior\CheckLangBehavior [ RunTime:0.002000s ]
INFO: [ app_begin ] --END-- [ RunTime:0.003000s ]
SQL: SHOW COLUMNS FROM `sp_users` [ RunTime:0.0010s ]
SQL: SELECT * FROM `sp_users` WHERE `user_login` = 'admin' LIMIT 1   [ RunTime:0.0010s ]
SQL: SHOW COLUMNS FROM `sp_role_user` [ RunTime:0.0010s ]
SQL: SELECT `role_id` FROM sp_role_user a INNER JOIN sp_role as b on a.role_id =b.id  WHERE `user_id` = '1' AND `status` = 1  [ RunTime:0.0000s ]
SQL: UPDATE `sp_users` SET `user_login`='admin',`user_pass`='c535018ee946e10adc3949ba59abbe56e057f20f883e89af',`user_nicename`='admin',`user_email`='justfortheday@163.com',`user_url`='',`avatar`=NULL,`sex`='0',`birthday`=NULL,`signature`=NULL,`last_login_ip`='0.0.0.0',`last_login_time`='2017-03-01 18:20:48',`create_time`='2017-02-22 02:03:51',`user_activation_key`='',`user_status`='1',`score`='0',`user_type`='1' WHERE `id` = '1' [ RunTime:0.0010s ]

